2016-05-20 17:08:11 ERROR  : ERROR:  syntax error at or near ","
LINE 2: Id_cliente SERIAL PRIMARY,
                                 ^
2016-05-20 17:08:15 ERROR  : ERROR:  syntax error at or near ")"
LINE 3: );
        ^
2016-05-20 17:09:22 ERROR  : ERROR:  syntax error at or near ")"
LINE 3: )
        ^
2016-05-20 17:09:23 ERROR  : ERROR:  syntax error at or near ")"
LINE 3: )
        ^
2016-05-20 17:09:25 ERROR  : ERROR:  syntax error at or near ")"
LINE 3: );
        ^
2016-05-20 17:09:26 ERROR  : ERROR:  syntax error at or near ")"
LINE 3: );
        ^
2016-05-20 17:09:26 ERROR  : ERROR:  syntax error at or near ")"
LINE 3: );
        ^
2016-05-20 17:09:26 ERROR  : ERROR:  syntax error at or near ")"
LINE 3: );
        ^
2016-05-20 17:09:26 ERROR  : ERROR:  syntax error at or near ")"
LINE 3: );
        ^
2016-05-20 17:09:26 ERROR  : ERROR:  syntax error at or near ")"
LINE 3: );
        ^
2016-05-20 17:09:26 ERROR  : ERROR:  syntax error at or near ")"
LINE 3: );
        ^
2016-05-20 17:09:27 ERROR  : ERROR:  syntax error at or near ")"
LINE 3: );
        ^
2016-05-20 17:09:27 ERROR  : ERROR:  syntax error at or near ")"
LINE 3: );
        ^
2016-05-20 17:09:27 ERROR  : ERROR:  syntax error at or near ")"
LINE 3: );
        ^
2016-05-20 17:09:27 ERROR  : ERROR:  syntax error at or near ")"
LINE 3: );
        ^
2016-05-20 17:09:27 ERROR  : ERROR:  syntax error at or near ")"
LINE 3: );
        ^
2016-05-20 17:09:56 ERROR  : ERROR:  syntax error at or near ","
LINE 2: Id_cliente SERIAL PRIMARY,
                                 ^
2016-05-20 17:53:06 ERROR  : ERROR:  type "string" does not exist
LINE 3: Nome String
             ^
2016-05-22 17:45:27 ERROR  : ERROR:  cannot drop table fornecedor because other objects depend on it
DETAIL:  constraint doacao_id_fornecedor_fkey on table doacao depends on table fornecedor
HINT:  Use DROP ... CASCADE to drop the dependent objects too.
2016-05-23 00:27:01 ERROR  : ERROR:  syntax error at or near ")"
LINE 1: );
        ^
2016-11-01 16:32:47 ERROR  : ERROR:  foreign key constraint "CodUnMedida" cannot be implemented
DETAIL:  Key columns "CodUnMedida" and "CodUnMedida" are of incompatible types: numeric and integer.
